Arguments: 
  /usr/bin/node /usr/bin/yarn add module-alias

PATH: 
  /home/ashes/.vscode-server/bin/3866c3553be8b268c8a7f8c0482c0c0177aa8bfa/bin:/home/ashes/.vscode-server/bin/3866c3553be8b268c8a7f8c0482c0c0177aa8bfa/bin:/usr/local/sbin:/usr/local/bin:/usr/sbin:/usr/bin:/sbin:/bin:/usr/games:/usr/local/games:/snap/bin

Yarn version: 
  1.22.11

Node version: 
  12.22.5

Platform: 
  linux x64

Trace: 
  Error: https://registry.yarnpkg.com/@types%2fnode: tunneling socket could not be established, cause=connect EHOSTUNREACH 192.168.0.104:1080
      at ClientRequest.onError (/usr/lib/node_modules/yarn/lib/cli.js:152249:17)
      at Object.onceWrapper (events.js:421:26)
      at ClientRequest.emit (events.js:314:20)
      at Socket.socketErrorListener (_http_client.js:427:9)
      at Socket.emit (events.js:314:20)
      at emitErrorNT (internal/streams/destroy.js:92:8)
      at emitErrorAndCloseNT (internal/streams/destroy.js:60:3)
      at processTicksAndRejections (internal/process/task_queues.js:84:21)

npm manifest: 
  {
  	"name": "lisp",
  	"version": "1.0.0",
  	"description": "",
  	"main": "index.js",
  	"scripts": {
  		"test": "echo \"Error: no test specified\" && exit 1",
  		"start": "nodemon"
  	},
  	"author": "",
  	"license": "ISC",
  	"dependencies": {
  		"typescript": "^4.3.5"
  	},
  	"devDependencies": {
  		"@types/node": "^16.7.3"
  	}
  }

yarn manifest: 
  No manifest

Lockfile: 
  # THIS IS AN AUTOGENERATED FILE. DO NOT EDIT THIS FILE DIRECTLY.
  # yarn lockfile v1
  
  
  typescript@^4.3.5:
    version "4.3.5"
    resolved "https://registry.yarnpkg.com/typescript/-/typescript-4.3.5.tgz#4d1c37cc16e893973c45a06886b7113234f119f4"
    integrity sha512-DqQgihaQ9cUrskJo9kIyW/+g0Vxsk8cDtZ52a3NGh0YNTfpUSArXSohyUGnvbPazEPLu398C0UxmKSOrPumUzA==
